<?xml version="1.0" encoding="UTF-8"?>
<testng-results skipped="0" failed="0" total="1" passed="1">
  <reporter-output>
  </reporter-output>
  <suite name="Default suite" duration-ms="35326" started-at="2016-03-06T17:51:03Z" finished-at="2016-03-06T17:51:38Z">
    <groups>
    </groups>
    <test name="Default test" duration-ms="35326" started-at="2016-03-06T17:51:03Z" finished-at="2016-03-06T17:51:38Z">
      <class name="TestNG.HandlingDropDown">
        <test-method status="PASS" signature="setUp()[pri:0, instance:TestNG.HandlingDropDown@1d251891]" name="setUp" is-config="true" duration-ms="10836" started-at="2016-03-07T00:51:03Z" finished-at="2016-03-07T00:51:14Z">
          <reporter-output>
          </reporter-output>
        </test-method> <!-- setUp -->
        <test-method status="PASS" signature="testSelectFunctionality()[pri:0, instance:TestNG.HandlingDropDown@1d251891]" name="testSelectFunctionality" duration-ms="23880" started-at="2016-03-07T00:51:14Z" finished-at="2016-03-07T00:51:38Z">
          <reporter-output>
          </reporter-output>
        </test-method> <!-- testSelectFunctionality -->
        <test-method status="PASS" signature="tearDown()[pri:0, instance:TestNG.HandlingDropDown@1d251891]" name="tearDown" is-config="true" duration-ms="586" started-at="2016-03-07T00:51:38Z" finished-at="2016-03-07T00:51:38Z">
          <reporter-output>
          </reporter-output>
        </test-method> <!-- tearDown -->
      </class> <!-- TestNG.HandlingDropDown -->
    </test> <!-- Default test -->
  </suite> <!-- Default suite -->
</testng-results>
